API endpoint: http://localhost:8080
If you are using a library that supports the FIRESTORE_EMULATOR_HOST environment variable, run:

   export FIRESTORE_EMULATOR_HOST=localhost:8080

Dev App Server is now running.

Jan. 27, 2020 7:39:52 P.M. io.gapi.emulators.netty.HttpVersionRoutingHandler channelRead
INFO: Detected non-HTTP/2 connection.
Jan. 27, 2020 7:39:52 P.M. io.gapi.emulators.netty.NotFoundHandler handleRequest
INFO: Unknown request URI: /bad-request
Jan. 27, 2020 7:39:55 P.M. io.gapi.emulators.netty.HttpVersionRoutingHandler channelRead
INFO: Detected non-HTTP/2 connection.
Jan. 27, 2020 7:39:55 P.M. io.gapi.emulators.netty.NotFoundHandler handleRequest
INFO: Unknown request URI: /bad-request
Jan. 27, 2020 7:39:59 P.M. io.gapi.emulators.netty.HttpVersionRoutingHandler channelRead
INFO: Detected non-HTTP/2 connection.
Jan. 27, 2020 7:39:59 P.M. io.gapi.emulators.netty.NotFoundHandler handleRequest
INFO: Unknown request URI: /bad-request
Jan. 27, 2020 7:40:00 P.M. io.gapi.emulators.netty.HttpVersionRoutingHandler channelRead
INFO: Detected non-HTTP/2 connection.
Jan. 27, 2020 7:40:00 P.M. io.gapi.emulators.netty.NotFoundHandler handleRequest
INFO: Unknown request URI: /bad-request
Jan. 27, 2020 7:40:03 P.M. io.gapi.emulators.netty.HttpVersionRoutingHandler channelRead
INFO: Detected non-HTTP/2 connection.
Jan. 27, 2020 7:40:03 P.M. io.gapi.emulators.netty.NotFoundHandler handleRequest
INFO: Unknown request URI: /bad-request
Jan. 27, 2020 7:40:07 P.M. io.gapi.emulators.netty.HttpVersionRoutingHandler channelRead
INFO: Detected non-HTTP/2 connection.
Jan. 27, 2020 7:40:07 P.M. io.gapi.emulators.netty.NotFoundHandler handleRequest
INFO: Unknown request URI: /bad-request
Jan. 27, 2020 7:40:09 P.M. io.gapi.emulators.netty.HttpVersionRoutingHandler channelRead
INFO: Detected non-HTTP/2 connection.
Jan. 27, 2020 7:40:09 P.M. io.gapi.emulators.netty.NotFoundHandler handleRequest
INFO: Unknown request URI: /bad-request
Jan. 27, 2020 7:40:11 P.M. io.gapi.emulators.netty.HttpVersionRoutingHandler channelRead
INFO: Detected non-HTTP/2 connection.
Jan. 27, 2020 7:40:11 P.M. io.gapi.emulators.netty.NotFoundHandler handleRequest
INFO: Unknown request URI: /bad-request
Jan. 27, 2020 7:40:15 P.M. io.gapi.emulators.netty.HttpVersionRoutingHandler channelRead
INFO: Detected non-HTTP/2 connection.
Jan. 27, 2020 7:40:15 P.M. io.gapi.emulators.netty.NotFoundHandler handleRequest
INFO: Unknown request URI: /bad-request
Jan. 27, 2020 7:40:19 P.M. io.gapi.emulators.netty.HttpVersionRoutingHandler channelRead
INFO: Detected non-HTTP/2 connection.
Jan. 27, 2020 7:40:19 P.M. io.gapi.emulators.netty.NotFoundHandler handleRequest
INFO: Unknown request URI: /bad-request
Jan. 27, 2020 7:40:21 P.M. io.gapi.emulators.netty.HttpVersionRoutingHandler channelRead
INFO: Detected non-HTTP/2 connection.
Jan. 27, 2020 7:40:21 P.M. io.gapi.emulators.netty.NotFoundHandler handleRequest
INFO: Unknown request URI: /bad-request
Jan. 27, 2020 7:40:26 P.M. io.gapi.emulators.netty.HttpVersionRoutingHandler channelRead
INFO: Detected non-HTTP/2 connection.
Jan. 27, 2020 7:40:26 P.M. io.gapi.emulators.netty.NotFoundHandler handleRequest
INFO: Unknown request URI: /bad-request
Jan. 27, 2020 7:40:31 P.M. io.gapi.emulators.netty.HttpVersionRoutingHandler channelRead
INFO: Detected non-HTTP/2 connection.
Jan. 27, 2020 7:40:31 P.M. io.gapi.emulators.netty.NotFoundHandler handleRequest
INFO: Unknown request URI: /bad-request
Jan. 27, 2020 7:40:33 P.M. io.gapi.emulators.netty.HttpVersionRoutingHandler channelRead
INFO: Detected non-HTTP/2 connection.
Jan. 27, 2020 7:40:33 P.M. io.gapi.emulators.netty.NotFoundHandler handleRequest
INFO: Unknown request URI: /bad-request
Jan. 27, 2020 7:40:37 P.M. io.gapi.emulators.netty.HttpVersionRoutingHandler channelRead
INFO: Detected non-HTTP/2 connection.
Jan. 27, 2020 7:40:37 P.M. io.gapi.emulators.netty.NotFoundHandler handleRequest
INFO: Unknown request URI: /bad-request
